<?xml version="1.0" encoding="UTF-8"?>
<testsuite xmlns:xsi="http://www.w3.org/2001/XMLSchema-instance" xsi:schemaLocation="https://maven.apache.org/surefire/maven-surefire-plugin/xsd/surefire-test-report.xsd" name="cn.zxc.demo.demo2.AppTest" time="0.322" tests="4" errors="0" skipped="0" failures="0">
  <properties>
[...]
</properties>
  <testcase name="testGet" classname="cn.zxc.demo.demo2.AppTest" time="0.283"/>
  <testcase name="testPut" classname="cn.zxc.demo.demo2.AppTest" time="0.009"/>
  <testcase name="testDelete" classname="cn.zxc.demo.demo2.AppTest" time="0"/>
  <testcase name="testPost" classname="cn.zxc.demo.demo2.AppTest" time="0.001"/>
</testsuite>